[23418 @ 21:32] HELLO
[23418 @ 21:33] INIT j7 23420
[23418 @ 21:34] INIT j6 23421
[23418 @ 21:35] INIT j5 23422
[23418 @ 21:36] INIT j4 23423
[23418 @ 21:37] INIT j3 23424
[23418 @ 21:38] INIT j2 23429
[23418 @ 21:39] INIT j1 23430
[23418 @ 21:40] FINI j7 23420 ok
[23418 @ 21:40] INIT j0 23431
[23418 @ 21:40] FINI j6 23421 ok
[23418 @ 21:40] FINI j5 23422 ok
[23418 @ 21:40] FINI j4 23423 ok
[23418 @ 21:40] FINI j3 23424 ok
[23418 @ 21:42] INIT j7 23432
[23418 @ 21:43] INIT j6 23433
[23418 @ 21:44] INIT j5 23434
[23418 @ 21:45] INIT j4 23435
[23418 @ 21:46] INIT j3 23436
[23418 @ 21:47] OMIS j2
[23418 @ 21:48] OMIS j1
[23418 @ 21:49] FINI j2 23429 ok
[23418 @ 21:49] FINI j1 23430 ok
[23418 @ 21:49] OMIS j0
[23418 @ 21:49] FINI j0 23431 ok
[23418 @ 21:49] FINI j7 23432 ok
[23418 @ 21:49] FINI j6 23433 ok
[23418 @ 21:50] SHUTDOWN
[23418 @ 21:50] WAIT j5 23434 ok
[23418 @ 21:50] WAIT j4 23435 ok
[23418 @ 21:50] WAIT j3 23436 ok
[23418 @ 21:50] BYE
